in <function single_linkage_distence at 0x7f0a88833e18>
recall of cluster0= 0.942
pricision of cluster0= 0.98125
F1 factor of cluster0= 0.9612244897959183
recall of cluster1= 0.982
pricision of cluster1= 0.958984375
F1 factor of cluster1= 0.9703557312252964
recall of cluster2= 1.0
pricision of cluster2= 0.9765625
F1 factor of cluster2= 0.9881422924901185
recall of cluster3= 0.992
pricision of cluster3= 1.0
F1 factor of cluster3= 0.9959839357429718
{1: 0, 0: 1, 2: 2, 3: 3}
in <function complete_linkage_distence at 0x7f0a76037158>
recall of cluster0= 0.966
pricision of cluster0= 0.943359375
F1 factor of cluster0= 0.9545454545454545
recall of cluster1= 0.938
pricision of cluster1= 0.9770833333333333
F1 factor of cluster1= 0.9571428571428571
recall of cluster2= 0.924
pricision of cluster2= 0.90234375
F1 factor of cluster2= 0.9130434782608696
recall of cluster3= 0.9
pricision of cluster3= 0.907258064516129
F1 factor of cluster3= 0.9036144578313253
{0: 0, 1: 1, 2: 2, 3: 3}
in <function average_linkage_distence at 0x7f0a74085a60>
recall of cluster0= 0.98
pricision of cluster0= 0.95703125
F1 factor of cluster0= 0.9683794466403162
recall of cluster1= 0.892
pricision of cluster1= 0.9612068965517241
F1 factor of cluster1= 0.925311203319502
recall of cluster2= 0.96
pricision of cluster2= 0.9375
F1 factor of cluster2= 0.9486166007905138
recall of cluster3= 0.996
pricision of cluster3= 0.97265625
F1 factor of cluster3= 0.9841897233201581
{0: 0, 2: 1, 3: 2, 1: 3}
